{"id":"5b511af3-fd89-4a86-ac45-fa01353720e2","timestamp":"2020-03-31T13:47:42.315Z","serial":0,"level":"LOG","msg":"ATM Machine software initialized."}
{"id":"4e3262e3-fe95-4529-b011-9f95bd3a354f","timestamp":"2020-03-31T13:47:42.318Z","serial":0,"level":"LOG","msg":"Listening on websocket localhost:9001"}
{"id":"28e73524-2680-40a9-b684-e6850cbc879c","timestamp":"2020-03-31T13:47:42.327Z","serial":0,"level":"LOG","msg":"USB reset not set up."}
{"id":"f32a7229-064d-4220-beed-78a2a414e55d","timestamp":"2020-03-31T13:47:42.367Z","serial":0,"level":"LOG","msg":"new brain state: booting"}
{"id":"c7da5e14-08fa-4945-af7e-fe0a7efb2a3a","timestamp":"2020-03-31T13:47:42.371Z","serial":0,"level":"LOG","msg":"DEBUG1"}
{"id":"2038a1d9-6fa7-4749-86dc-68c372caddec","timestamp":"2020-03-31T13:47:42.375Z","serial":0,"level":"LOG","msg":"new brain state: wifiConnected"}
{"id":"9f33831e-53c7-478b-8a37-580a4c195267","timestamp":"2020-03-31T13:47:42.425Z","serial":0,"level":"LOG","msg":"version: 1.0.0, cpuLoad: 0.00, memUse: 60.7 MB, memFree: 24.2%\n  nodeUptime: 0.00h, osUptime: 25.80h"}
{"id":"5a2cec38-2715-4984-a6e5-2284b382d826","timestamp":"2020-03-31T13:47:42.368Z","serial":0,"level":"LOG","msg":"browser not connected"}
{"id":"e2c1cffb-6143-468e-9346-c5b04562db31","timestamp":"2020-03-31T13:47:42.376Z","serial":0,"level":"LOG","msg":"new brain state: unpaired"}
{"id":"c202dd04-60f8-4631-8b58-ef527c7156e7","timestamp":"2020-03-31T13:47:42.563Z","serial":0,"level":"LOG","msg":"connected to browser"}
{"id":"8f2c1d1b-afcd-4ba2-b616-0fe0a562b03f","timestamp":"2020-03-31T13:47:57.188Z","serial":0,"level":"LOG","msg":"new brain state: pairingScan"}
{"id":"52e94ba9-5d4c-4d5e-b6c1-ef6d82eeda11","timestamp":"2020-03-31T13:47:57.191Z","serial":0,"level":"LOG","msg":"{ pairingData: '\\'totem\\'',\n  qrData: undefined,\n  pk: undefined,\n  pdf417Data:\n   <Buffer 20 20 40 0d 0a 1e 0d 0a 41 4e 53 49 20 36 33 36 30 33 39 30 33 30 30 30 31 44 4c 30 30 33 31 30 33 34 35 44 43 41 0d 0a 44 43 42 42 0d 0a 44 43 44 0d ... >,\n  fakeLicense:\n   <Buffer ff d8 ff e0 00 10 4a 46 49 46 00 01 01 01 00 60 00 60 00 00 ff ed 21 08 50 68 6f 74 6f 73 68 6f 70 20 33 2e 30 00 38 42 49 4d 04 25 00 00 00 00 00 10 ... > }"}
{"id":"1512f3a1-3213-4f4b-82a3-887e62dcc4aa","timestamp":"2020-03-31T13:48:02.193Z","serial":0,"level":"LOG","msg":"new brain state: pairing"}
{"id":"8c21c84e-0d20-4720-afa4-8ba83dd9cd5a","timestamp":"2020-03-31T13:48:02.195Z","serial":0,"level":"LOG","msg":"atm_base-machine bailing out momentarily..."}
{"id":"5fcf4987-f80e-48f3-bda9-7e82a150ead7","timestamp":"2020-03-31T13:48:02.196Z","serial":0,"level":"LOG","msg":"Error: Non-base45 character\n    at Object.decode (F:\\Lamassu\\3_31\\atm\\ATM.Machine\\node_modules\\base-x\\src\\index.js:112:11)\n    at Object.pair (F:\\Lamassu\\3_31\\atm\\ATM.Machine\\lib\\pairing.js:52:39)\n    at Brain._pair (F:\\Lamassu\\3_31\\atm\\ATM.Machine\\lib\\brain.js:1197:20)\n    at scanner.scanPairingCode (F:\\Lamassu\\3_31\\atm\\ATM.Machine\\lib\\brain.js:1167:14)\n    at Timeout._onTimeout (F:\\Lamassu\\3_31\\atm\\ATM.Machine\\lib\\mocks\\scanner.js:34:9)\n    at ontimeout (timers.js:436:11)\n    at tryOnTimeout (timers.js:300:5)\n    at listOnTimeout (timers.js:263:5)\n    at Timer.processTimers (timers.js:223:10)"}
{"id":"3ca1cd66-18ee-46b9-87ef-be2a1f53b0c4","timestamp":"2020-03-31T13:48:02.196Z","serial":1,"level":"LOG","msg":"Error: Non-base45 character\n    at Object.decode (F:\\Lamassu\\3_31\\atm\\ATM.Machine\\node_modules\\base-x\\src\\index.js:112:11)\n    at Object.pair (F:\\Lamassu\\3_31\\atm\\ATM.Machine\\lib\\pairing.js:52:39)\n    at Brain._pair (F:\\Lamassu\\3_31\\atm\\ATM.Machine\\lib\\brain.js:1197:20)\n    at scanner.scanPairingCode (F:\\Lamassu\\3_31\\atm\\ATM.Machine\\lib\\brain.js:1167:14)\n    at Timeout._onTimeout (F:\\Lamassu\\3_31\\atm\\ATM.Machine\\lib\\mocks\\scanner.js:34:9)\n    at ontimeout (timers.js:436:11)\n    at tryOnTimeout (timers.js:300:5)\n    at listOnTimeout (timers.js:263:5)\n    at Timer.processTimers (timers.js:223:10)"}
{"id":"6e0c79c2-4aee-48c9-91fb-26b5e5cd576b","timestamp":"2020-03-31T13:56:01.462Z","serial":0,"level":"LOG","msg":"ATM Machine software initialized."}
{"id":"8fd8aaf4-c812-45ed-9b25-05de696955e3","timestamp":"2020-03-31T13:56:01.464Z","serial":0,"level":"LOG","msg":"Listening on websocket localhost:9001"}
{"id":"b1742e53-9df8-44d6-8fd8-0b521178a21c","timestamp":"2020-03-31T13:56:01.473Z","serial":0,"level":"LOG","msg":"USB reset not set up."}
{"id":"d19eef0f-9dcf-44f3-b92a-5bc9fa845b4a","timestamp":"2020-03-31T13:56:01.476Z","serial":0,"level":"LOG","msg":"new brain state: booting"}
{"id":"f96c6bae-16f1-48e6-bc89-ce448626a796","timestamp":"2020-03-31T13:56:01.477Z","serial":0,"level":"LOG","msg":"browser not connected"}
{"id":"77129210-f1c5-4d35-ae70-15ee489a728d","timestamp":"2020-03-31T13:56:01.477Z","serial":1,"level":"LOG","msg":"DEBUG1"}
{"id":"bff4929c-b854-477a-b8d9-04ca21689ed8","timestamp":"2020-03-31T13:56:01.481Z","serial":0,"level":"LOG","msg":"new brain state: wifiConnected"}
{"id":"5c5e6755-4ab1-4d83-9a1a-ea410e86b691","timestamp":"2020-03-31T13:56:01.482Z","serial":0,"level":"LOG","msg":"new brain state: unpaired"}
{"id":"05677172-f899-46df-b1c7-ec1eb5659c67","timestamp":"2020-03-31T13:56:01.498Z","serial":0,"level":"LOG","msg":"version: 1.0.0, cpuLoad: 0.00, memUse: 60.9 MB, memFree: 24.9%\n  nodeUptime: 0.00h, osUptime: 25.94h"}
{"id":"a77f7844-fa96-4da8-973f-42b7977ffe5e","timestamp":"2020-03-31T13:56:02.639Z","serial":0,"level":"LOG","msg":"connected to browser"}
{"id":"cf6d8a43-3e1e-4a42-a51d-22e4f0a61b5d","timestamp":"2020-03-31T13:56:07.811Z","serial":0,"level":"LOG","msg":"new brain state: pairingScan"}
{"id":"70b5ae06-36be-480d-9dc7-7b991411a266","timestamp":"2020-03-31T13:56:07.814Z","serial":0,"level":"LOG","msg":"{ pairingData: '\\'totem\\'',\n  qrData: undefined,\n  pk: undefined,\n  pdf417Data:\n   <Buffer 20 20 40 0d 0a 1e 0d 0a 41 4e 53 49 20 36 33 36 30 33 39 30 33 30 30 30 31 44 4c 30 30 33 31 30 33 34 35 44 43 41 0d 0a 44 43 42 42 0d 0a 44 43 44 0d ... >,\n  fakeLicense:\n   <Buffer ff d8 ff e0 00 10 4a 46 49 46 00 01 01 01 00 60 00 60 00 00 ff ed 21 08 50 68 6f 74 6f 73 68 6f 70 20 33 2e 30 00 38 42 49 4d 04 25 00 00 00 00 00 10 ... > }"}
{"id":"61aa31bb-efb8-46e1-ae12-87db2463fddd","timestamp":"2020-03-31T13:56:12.815Z","serial":0,"level":"LOG","msg":"new brain state: pairing"}
{"id":"7bc46694-7398-4a75-8c7f-03f47d7d4844","timestamp":"2020-03-31T13:56:12.825Z","serial":0,"level":"LOG","msg":"atm_base-machine bailing out momentarily..."}
{"id":"185e4c09-4104-4ed7-bb0e-9371e77bcf5a","timestamp":"2020-03-31T13:56:12.830Z","serial":0,"level":"LOG","msg":"Error: Non-base45 character\n    at Object.decode (F:\\Lamassu\\3_31\\atm\\ATM.Machine\\node_modules\\base-x\\src\\index.js:112:11)\n    at Object.pair (F:\\Lamassu\\3_31\\atm\\ATM.Machine\\lib\\pairing.js:52:39)\n    at Brain._pair (F:\\Lamassu\\3_31\\atm\\ATM.Machine\\lib\\brain.js:1197:20)\n    at scanner.scanPairingCode (F:\\Lamassu\\3_31\\atm\\ATM.Machine\\lib\\brain.js:1167:14)\n    at Timeout._onTimeout (F:\\Lamassu\\3_31\\atm\\ATM.Machine\\lib\\mocks\\scanner.js:34:9)\n    at ontimeout (timers.js:436:11)\n    at tryOnTimeout (timers.js:300:5)\n    at listOnTimeout (timers.js:263:5)\n    at Timer.processTimers (timers.js:223:10)"}
{"id":"bb8f0cf7-e2c6-4a9b-9ce6-ef02165c525f","timestamp":"2020-03-31T13:56:12.834Z","serial":0,"level":"LOG","msg":"Error: Non-base45 character\n    at Object.decode (F:\\Lamassu\\3_31\\atm\\ATM.Machine\\node_modules\\base-x\\src\\index.js:112:11)\n    at Object.pair (F:\\Lamassu\\3_31\\atm\\ATM.Machine\\lib\\pairing.js:52:39)\n    at Brain._pair (F:\\Lamassu\\3_31\\atm\\ATM.Machine\\lib\\brain.js:1197:20)\n    at scanner.scanPairingCode (F:\\Lamassu\\3_31\\atm\\ATM.Machine\\lib\\brain.js:1167:14)\n    at Timeout._onTimeout (F:\\Lamassu\\3_31\\atm\\ATM.Machine\\lib\\mocks\\scanner.js:34:9)\n    at ontimeout (timers.js:436:11)\n    at tryOnTimeout (timers.js:300:5)\n    at listOnTimeout (timers.js:263:5)\n    at Timer.processTimers (timers.js:223:10)"}
{"id":"17808a0e-9881-4d61-96c8-301e63f8295a","timestamp":"2020-03-31T14:36:45.798Z","serial":0,"level":"LOG","msg":"ATM Machine software initialized."}
{"id":"5a2ff0e2-1641-4202-a234-49714a60768b","timestamp":"2020-03-31T14:36:45.800Z","serial":0,"level":"LOG","msg":"Listening on websocket localhost:9001"}
{"id":"db124e17-d0f4-4850-9012-47f4fa0deea0","timestamp":"2020-03-31T14:36:45.809Z","serial":0,"level":"LOG","msg":"USB reset not set up."}
{"id":"19b03010-db62-473f-a9ed-b4b03a18ac2d","timestamp":"2020-03-31T14:36:45.812Z","serial":0,"level":"LOG","msg":"new brain state: booting"}
{"id":"fb62019b-33b4-4fad-97b5-b2a2fefe8bd9","timestamp":"2020-03-31T14:36:45.812Z","serial":1,"level":"LOG","msg":"browser not connected"}
{"id":"56a1c37f-f817-4804-a29d-666429bf3667","timestamp":"2020-03-31T14:36:45.812Z","serial":2,"level":"LOG","msg":"DEBUG1"}
{"id":"e61211ae-58b5-4183-9673-134166da3f54","timestamp":"2020-03-31T14:36:45.816Z","serial":0,"level":"LOG","msg":"new brain state: wifiConnected"}
{"id":"4a04afe5-0cfe-439e-aaad-82c6ff68e233","timestamp":"2020-03-31T14:36:45.817Z","serial":0,"level":"LOG","msg":"new brain state: unpaired"}
{"id":"793e6952-073a-404a-984a-280a774b8def","timestamp":"2020-03-31T14:36:45.832Z","serial":0,"level":"LOG","msg":"version: 1.0.0, cpuLoad: 0.00, memUse: 60.9 MB, memFree: 28.4%\n  nodeUptime: 0.00h, osUptime: 26.62h"}
{"id":"b77495dd-8672-496d-8325-c5275926390a","timestamp":"2020-03-31T14:36:50.382Z","serial":0,"level":"LOG","msg":"connected to browser"}
{"id":"f91b24a9-1c40-437b-9f53-13624955c847","timestamp":"2020-03-31T14:36:55.647Z","serial":0,"level":"LOG","msg":"new brain state: pairingScan"}
{"id":"b7d21865-cf87-43e7-a042-cbf0d3050293","timestamp":"2020-03-31T14:36:55.651Z","serial":0,"level":"LOG","msg":"{ pairingData: 'totem',\n  qrData: undefined,\n  pk: undefined,\n  pdf417Data:\n   <Buffer 20 20 40 0d 0a 1e 0d 0a 41 4e 53 49 20 36 33 36 30 33 39 30 33 30 30 30 31 44 4c 30 30 33 31 30 33 34 35 44 43 41 0d 0a 44 43 42 42 0d 0a 44 43 44 0d ... >,\n  fakeLicense:\n   <Buffer ff d8 ff e0 00 10 4a 46 49 46 00 01 01 01 00 60 00 60 00 00 ff ed 21 08 50 68 6f 74 6f 73 68 6f 70 20 33 2e 30 00 38 42 49 4d 04 25 00 00 00 00 00 10 ... > }"}
{"id":"953e7ff5-5cd4-40b7-b2a0-3da96039fe90","timestamp":"2020-03-31T14:37:00.653Z","serial":0,"level":"LOG","msg":"new brain state: pairing"}
{"id":"0e5f3cd4-ca58-448a-a6fc-087260edae91","timestamp":"2020-03-31T14:37:00.655Z","serial":0,"level":"LOG","msg":"atm_base-machine bailing out momentarily..."}
{"id":"f8bc0ad4-24f0-4e1a-ac6b-bc11e827c93c","timestamp":"2020-03-31T14:37:00.656Z","serial":0,"level":"LOG","msg":"Error: Non-base45 character\n    at Object.decode (F:\\Lamassu\\3_31\\atm\\ATM.Machine\\node_modules\\base-x\\src\\index.js:112:11)\n    at Object.pair (F:\\Lamassu\\3_31\\atm\\ATM.Machine\\lib\\pairing.js:52:39)\n    at Brain._pair (F:\\Lamassu\\3_31\\atm\\ATM.Machine\\lib\\brain.js:1197:20)\n    at scanner.scanPairingCode (F:\\Lamassu\\3_31\\atm\\ATM.Machine\\lib\\brain.js:1167:14)\n    at Timeout._onTimeout (F:\\Lamassu\\3_31\\atm\\ATM.Machine\\lib\\mocks\\scanner.js:34:9)\n    at ontimeout (timers.js:436:11)\n    at tryOnTimeout (timers.js:300:5)\n    at listOnTimeout (timers.js:263:5)\n    at Timer.processTimers (timers.js:223:10)"}
{"id":"7b51fdcb-ec09-4003-baad-5882f777bc0c","timestamp":"2020-03-31T14:37:00.656Z","serial":1,"level":"LOG","msg":"Error: Non-base45 character\n    at Object.decode (F:\\Lamassu\\3_31\\atm\\ATM.Machine\\node_modules\\base-x\\src\\index.js:112:11)\n    at Object.pair (F:\\Lamassu\\3_31\\atm\\ATM.Machine\\lib\\pairing.js:52:39)\n    at Brain._pair (F:\\Lamassu\\3_31\\atm\\ATM.Machine\\lib\\brain.js:1197:20)\n    at scanner.scanPairingCode (F:\\Lamassu\\3_31\\atm\\ATM.Machine\\lib\\brain.js:1167:14)\n    at Timeout._onTimeout (F:\\Lamassu\\3_31\\atm\\ATM.Machine\\lib\\mocks\\scanner.js:34:9)\n    at ontimeout (timers.js:436:11)\n    at tryOnTimeout (timers.js:300:5)\n    at listOnTimeout (timers.js:263:5)\n    at Timer.processTimers (timers.js:223:10)"}
{"id":"abcb8ef9-fd33-4fcd-8388-99160a10f26e","timestamp":"2020-03-31T15:08:10.799Z","serial":0,"level":"LOG","msg":"ATM Machine software initialized."}
{"id":"8ed20a9b-9c1b-4d0c-8b1f-58091dc7670b","timestamp":"2020-03-31T15:08:10.802Z","serial":0,"level":"LOG","msg":"Listening on websocket localhost:9001"}
{"id":"fa653f43-17dc-4290-84d3-b88102177e9a","timestamp":"2020-03-31T15:08:10.811Z","serial":0,"level":"LOG","msg":"USB reset not set up."}
{"id":"9acc9ee9-1697-41d4-89bd-10263825ea39","timestamp":"2020-03-31T15:08:10.814Z","serial":0,"level":"LOG","msg":"new brain state: booting"}
{"id":"822687ac-88cc-431d-8018-0e5befacd6d6","timestamp":"2020-03-31T15:08:10.814Z","serial":1,"level":"LOG","msg":"browser not connected"}
{"id":"bb1bd38c-2173-4443-a1a7-53db3f3edd70","timestamp":"2020-03-31T15:08:10.819Z","serial":0,"level":"LOG","msg":"new brain state: wifiConnected"}
{"id":"9fa05d38-9317-4658-b957-b9354299dea9","timestamp":"2020-03-31T15:08:10.836Z","serial":0,"level":"LOG","msg":"version: 1.0.0, cpuLoad: 0.00, memUse: 61.1 MB, memFree: 22.1%\n  nodeUptime: 0.00h, osUptime: 27.15h"}
{"id":"08b1de65-3dd2-4f2f-8674-92c6f1dabf60","timestamp":"2020-03-31T15:08:10.819Z","serial":1,"level":"LOG","msg":"new brain state: unpaired"}
{"id":"8b151c17-d672-4c90-b191-8e5a8c7114a0","timestamp":"2020-03-31T15:08:10.815Z","serial":0,"level":"LOG","msg":"DEBUG1"}
{"id":"4b82ca00-9854-4b67-a702-056e4dc482a8","timestamp":"2020-03-31T15:08:11.051Z","serial":0,"level":"LOG","msg":"connected to browser"}
{"id":"59cea34d-fb78-4ec8-989c-8350a629207b","timestamp":"2020-03-31T15:10:38.882Z","serial":0,"level":"LOG","msg":"{ pairingData: 'totem',\n  qrData: undefined,\n  pk: undefined,\n  pdf417Data:\n   <Buffer 20 20 40 0d 0a 1e 0d 0a 41 4e 53 49 20 36 33 36 30 33 39 30 33 30 30 30 31 44 4c 30 30 33 31 30 33 34 35 44 43 41 0d 0a 44 43 42 42 0d 0a 44 43 44 0d ... >,\n  fakeLicense:\n   <Buffer ff d8 ff e0 00 10 4a 46 49 46 00 01 01 01 00 60 00 60 00 00 ff ed 21 08 50 68 6f 74 6f 73 68 6f 70 20 33 2e 30 00 38 42 49 4d 04 25 00 00 00 00 00 10 ... > }"}
{"id":"053b34fa-f33b-4a1b-8b63-957b16b35dd3","timestamp":"2020-03-31T15:10:38.879Z","serial":0,"level":"LOG","msg":"new brain state: pairingScan"}
{"id":"a077c888-104e-4b88-862a-2ffb99caed60","timestamp":"2020-03-31T15:10:43.883Z","serial":0,"level":"LOG","msg":"new brain state: pairing"}
{"id":"fefa2319-63cb-47ce-a61f-e152dbc3d989","timestamp":"2020-03-31T15:10:43.885Z","serial":0,"level":"LOG","msg":"here totemStr totem"}
{"id":"a5fbbe57-186b-494f-84c4-3a672917a80b","timestamp":"2020-03-31T15:10:43.886Z","serial":0,"level":"LOG","msg":"atm_base-machine bailing out momentarily..."}
{"id":"42926c3a-c5dd-4ec7-b46a-98a0856eee69","timestamp":"2020-03-31T15:10:43.889Z","serial":0,"level":"LOG","msg":"Error: Non-base45 character\n    at Object.decode (F:\\Lamassu\\3_31\\atm\\ATM.Machine\\node_modules\\base-x\\src\\index.js:112:11)\n    at Object.pair (F:\\Lamassu\\3_31\\atm\\ATM.Machine\\lib\\pairing.js:52:39)\n    at Brain._pair (F:\\Lamassu\\3_31\\atm\\ATM.Machine\\lib\\brain.js:1197:20)\n    at scanner.scanPairingCode (F:\\Lamassu\\3_31\\atm\\ATM.Machine\\lib\\brain.js:1167:14)\n    at Timeout._onTimeout (F:\\Lamassu\\3_31\\atm\\ATM.Machine\\lib\\mocks\\scanner.js:34:9)\n    at ontimeout (timers.js:436:11)\n    at tryOnTimeout (timers.js:300:5)\n    at listOnTimeout (timers.js:263:5)\n    at Timer.processTimers (timers.js:223:10)"}
{"id":"f6ba132c-6067-43f9-8119-6a867ac28e32","timestamp":"2020-03-31T15:10:43.888Z","serial":0,"level":"LOG","msg":"Error: Non-base45 character\n    at Object.decode (F:\\Lamassu\\3_31\\atm\\ATM.Machine\\node_modules\\base-x\\src\\index.js:112:11)\n    at Object.pair (F:\\Lamassu\\3_31\\atm\\ATM.Machine\\lib\\pairing.js:52:39)\n    at Brain._pair (F:\\Lamassu\\3_31\\atm\\ATM.Machine\\lib\\brain.js:1197:20)\n    at scanner.scanPairingCode (F:\\Lamassu\\3_31\\atm\\ATM.Machine\\lib\\brain.js:1167:14)\n    at Timeout._onTimeout (F:\\Lamassu\\3_31\\atm\\ATM.Machine\\lib\\mocks\\scanner.js:34:9)\n    at ontimeout (timers.js:436:11)\n    at tryOnTimeout (timers.js:300:5)\n    at listOnTimeout (timers.js:263:5)\n    at Timer.processTimers (timers.js:223:10)"}
{"id":"f8f8cf8d-d7f7-4720-b1ec-6987928c32aa","timestamp":"2020-03-31T17:32:46.365Z","serial":0,"level":"LOG","msg":"ATM Machine software initialized."}
{"id":"0d27226d-3063-461f-9fb6-6d6193617e33","timestamp":"2020-03-31T17:32:46.367Z","serial":0,"level":"LOG","msg":"Listening on websocket localhost:9001"}
{"id":"8c16667c-6244-489a-9f1f-60fb87208b75","timestamp":"2020-03-31T17:32:46.377Z","serial":0,"level":"LOG","msg":"USB reset not set up."}
{"id":"9343031a-40f1-45b7-a721-28155e73c624","timestamp":"2020-03-31T17:32:46.380Z","serial":0,"level":"LOG","msg":"new brain state: booting"}
{"id":"7960b362-e069-49e9-b2da-43a043babb5e","timestamp":"2020-03-31T17:32:46.380Z","serial":1,"level":"LOG","msg":"browser not connected"}
{"id":"0fe799c5-1328-4130-9f17-aa49962e396e","timestamp":"2020-03-31T17:32:46.380Z","serial":2,"level":"LOG","msg":"DEBUG1"}
{"id":"3a36416f-4786-4518-864b-bb142723df0f","timestamp":"2020-03-31T17:32:46.384Z","serial":1,"level":"LOG","msg":"new brain state: unpaired"}
{"id":"1e0dae05-d1f0-43dc-bbc6-578467d59e75","timestamp":"2020-03-31T17:32:46.384Z","serial":0,"level":"LOG","msg":"new brain state: wifiConnected"}
{"id":"c0e1abd9-b9cf-49df-a1cf-b4844ca9ba43","timestamp":"2020-03-31T17:32:46.403Z","serial":0,"level":"LOG","msg":"version: 1.0.0, cpuLoad: 0.00, memUse: 60.6 MB, memFree: 21.5%\n  nodeUptime: 0.00h, osUptime: 29.56h"}
{"id":"75ecf23d-9abe-426b-b5ef-b1890435681c","timestamp":"2020-03-31T17:32:48.129Z","serial":0,"level":"LOG","msg":"connected to browser"}
{"id":"04deaae7-f7cd-468b-95ff-2a884347267a","timestamp":"2020-03-31T17:32:53.979Z","serial":0,"level":"LOG","msg":"new brain state: pairingScan"}
{"id":"3a8210b4-1032-48cb-9c45-fd2346988716","timestamp":"2020-03-31T17:32:53.981Z","serial":0,"level":"LOG","msg":"Opening WebCam device: /dev/video-scan with mode: qr { width: 640, height: 480 }"}
{"id":"b5fabeb9-dc13-40f3-8daf-7155aef5f729","timestamp":"2020-03-31T17:32:53.983Z","serial":0,"level":"LOG","msg":"atm_base-machine bailing out momentarily..."}
{"id":"c1d4fd8a-24e9-412f-ad83-5a1e2becee8a","timestamp":"2020-03-31T17:32:53.984Z","serial":0,"level":"LOG","msg":"TypeError: Cannot read property 'filter' of undefined\n    at setConfig (F:\\Lamassu\\3_31\\atm\\ATM.Machine\\lib\\scanner.js:27:30)\n    at scan (F:\\Lamassu\\3_31\\atm\\ATM.Machine\\lib\\scanner.js:68:3)\n    at scanQR (F:\\Lamassu\\3_31\\atm\\ATM.Machine\\lib\\scanner.js:129:3)\n    at Object.scanPairingCode (F:\\Lamassu\\3_31\\atm\\ATM.Machine\\lib\\scanner.js:173:3)\n    at Brain._pairingScan (F:\\Lamassu\\3_31\\atm\\ATM.Machine\\lib\\brain.js:1163:18)\n    at Brain._processReal (F:\\Lamassu\\3_31\\atm\\ATM.Machine\\lib\\brain.js:910:18)\n    at Brain._processRequest (F:\\Lamassu\\3_31\\atm\\ATM.Machine\\lib\\brain.js:868:10)\n    at Browser.<anonymous> (F:\\Lamassu\\3_31\\atm\\ATM.Machine\\lib\\brain.js:422:49)\n    at Browser.emit (events.js:182:13)\n    at WebSocket.<anonymous> (F:\\Lamassu\\3_31\\atm\\ATM.Machine\\lib\\browser.js:33:12)\n    at WebSocket.emit (events.js:182:13)\n    at Receiver._receiver.onmessage (F:\\Lamassu\\3_31\\atm\\ATM.Machine\\node_modules\\ws\\lib\\WebSocket.js:141:47)\n    at Receiver.dataMessage (F:\\Lamassu\\3_31\\atm\\ATM.Machine\\node_modules\\ws\\lib\\Receiver.js:389:14)\n    at Receiver.getData (F:\\Lamassu\\3_31\\atm\\ATM.Machine\\node_modules\\ws\\lib\\Receiver.js:330:12)\n    at Receiver.startLoop (F:\\Lamassu\\3_31\\atm\\ATM.Machine\\node_modules\\ws\\lib\\Receiver.js:165:16)\n    at Receiver.add (F:\\Lamassu\\3_31\\atm\\ATM.Machine\\node_modules\\ws\\lib\\Receiver.js:139:10)\n    at Socket._ultron.on (F:\\Lamassu\\3_31\\atm\\ATM.Machine\\node_modules\\ws\\lib\\WebSocket.js:138:22)\n    at Socket.emit (events.js:182:13)\n    at addChunk (_stream_readable.js:283:12)\n    at readableAddChunk (_stream_readable.js:264:11)\n    at Socket.Readable.push (_stream_readable.js:219:10)\n    at TCP.onStreamRead [as onread] (internal/stream_base_commons.js:94:17)"}
{"id":"788d0d53-0be8-4b85-b47e-59017e2b1037","timestamp":"2020-03-31T17:32:53.983Z","serial":1,"level":"LOG","msg":"TypeError: Cannot read property 'filter' of undefined\n    at setConfig (F:\\Lamassu\\3_31\\atm\\ATM.Machine\\lib\\scanner.js:27:30)\n    at scan (F:\\Lamassu\\3_31\\atm\\ATM.Machine\\lib\\scanner.js:68:3)\n    at scanQR (F:\\Lamassu\\3_31\\atm\\ATM.Machine\\lib\\scanner.js:129:3)\n    at Object.scanPairingCode (F:\\Lamassu\\3_31\\atm\\ATM.Machine\\lib\\scanner.js:173:3)\n    at Brain._pairingScan (F:\\Lamassu\\3_31\\atm\\ATM.Machine\\lib\\brain.js:1163:18)\n    at Brain._processReal (F:\\Lamassu\\3_31\\atm\\ATM.Machine\\lib\\brain.js:910:18)\n    at Brain._processRequest (F:\\Lamassu\\3_31\\atm\\ATM.Machine\\lib\\brain.js:868:10)\n    at Browser.<anonymous> (F:\\Lamassu\\3_31\\atm\\ATM.Machine\\lib\\brain.js:422:49)\n    at Browser.emit (events.js:182:13)\n    at WebSocket.<anonymous> (F:\\Lamassu\\3_31\\atm\\ATM.Machine\\lib\\browser.js:33:12)\n    at WebSocket.emit (events.js:182:13)\n    at Receiver._receiver.onmessage (F:\\Lamassu\\3_31\\atm\\ATM.Machine\\node_modules\\ws\\lib\\WebSocket.js:141:47)\n    at Receiver.dataMessage (F:\\Lamassu\\3_31\\atm\\ATM.Machine\\node_modules\\ws\\lib\\Receiver.js:389:14)\n    at Receiver.getData (F:\\Lamassu\\3_31\\atm\\ATM.Machine\\node_modules\\ws\\lib\\Receiver.js:330:12)\n    at Receiver.startLoop (F:\\Lamassu\\3_31\\atm\\ATM.Machine\\node_modules\\ws\\lib\\Receiver.js:165:16)\n    at Receiver.add (F:\\Lamassu\\3_31\\atm\\ATM.Machine\\node_modules\\ws\\lib\\Receiver.js:139:10)\n    at Socket._ultron.on (F:\\Lamassu\\3_31\\atm\\ATM.Machine\\node_modules\\ws\\lib\\WebSocket.js:138:22)\n    at Socket.emit (events.js:182:13)\n    at addChunk (_stream_readable.js:283:12)\n    at readableAddChunk (_stream_readable.js:264:11)\n    at Socket.Readable.push (_stream_readable.js:219:10)\n    at TCP.onStreamRead [as onread] (internal/stream_base_commons.js:94:17)"}
{"id":"613f393d-b703-4e6b-9cb5-f14d36c1d976","timestamp":"2020-03-31T17:34:00.295Z","serial":0,"level":"LOG","msg":"ATM Machine software initialized."}
{"id":"f2c81a6f-3e42-43d3-8ac4-6407e8cae48b","timestamp":"2020-03-31T17:34:00.297Z","serial":0,"level":"LOG","msg":"Listening on websocket localhost:9001"}
{"id":"5c5b6e70-4479-4fb4-b387-2e97e77a2db5","timestamp":"2020-03-31T17:34:00.307Z","serial":0,"level":"LOG","msg":"USB reset not set up."}
{"id":"309a689e-abe7-434f-91ef-a0b0b6b6888a","timestamp":"2020-03-31T17:34:00.310Z","serial":0,"level":"LOG","msg":"new brain state: booting"}
{"id":"d81bf136-8b5d-4583-8625-4fcd4f31ac15","timestamp":"2020-03-31T17:34:00.312Z","serial":0,"level":"LOG","msg":"DEBUG1"}
{"id":"84a57768-d8c4-47f0-8947-50366b2ab4fe","timestamp":"2020-03-31T17:34:00.311Z","serial":0,"level":"LOG","msg":"browser not connected"}
{"id":"26593300-be06-4341-b339-7641064df0c8","timestamp":"2020-03-31T17:34:00.316Z","serial":0,"level":"LOG","msg":"new brain state: wifiConnected"}
{"id":"71ef0f61-6f86-4df1-b4b9-703de2e6a16b","timestamp":"2020-03-31T17:34:00.332Z","serial":0,"level":"LOG","msg":"version: 1.0.0, cpuLoad: 0.00, memUse: 60.9 MB, memFree: 20.9%\n  nodeUptime: 0.00h, osUptime: 29.58h"}
{"id":"31c86dbc-c4e6-43e3-9ecd-54690fa361ac","timestamp":"2020-03-31T17:34:00.316Z","serial":1,"level":"LOG","msg":"new brain state: unpaired"}
{"id":"d32916fe-a805-4f4d-8bf5-f03295015af8","timestamp":"2020-03-31T17:34:00.720Z","serial":0,"level":"LOG","msg":"connected to browser"}
{"id":"acb993b4-a6e6-4894-9ad5-b9d2aff1220a","timestamp":"2020-03-31T17:34:03.243Z","serial":0,"level":"LOG","msg":"new brain state: pairingScan"}
{"id":"292e8950-5211-4764-9e9a-94b5a1b424ff","timestamp":"2020-03-31T17:34:03.246Z","serial":0,"level":"LOG","msg":"{ pairingData: 'totem',\n  qrData: undefined,\n  pk: undefined,\n  pdf417Data:\n   <Buffer 20 20 40 0d 0a 1e 0d 0a 41 4e 53 49 20 36 33 36 30 33 39 30 33 30 30 30 31 44 4c 30 30 33 31 30 33 34 35 44 43 41 0d 0a 44 43 42 42 0d 0a 44 43 44 0d ... >,\n  fakeLicense:\n   <Buffer ff d8 ff e0 00 10 4a 46 49 46 00 01 01 01 00 60 00 60 00 00 ff ed 21 08 50 68 6f 74 6f 73 68 6f 70 20 33 2e 30 00 38 42 49 4d 04 25 00 00 00 00 00 10 ... > }"}
{"id":"0472bf86-f58e-4085-a553-6d561fe67fbe","timestamp":"2020-03-31T17:34:08.248Z","serial":0,"level":"LOG","msg":"new brain state: pairing"}
{"id":"2c0d96a8-530f-4738-9cc7-a8831f0f88e2","timestamp":"2020-03-31T17:34:08.250Z","serial":0,"level":"LOG","msg":"atm_base-machine bailing out momentarily..."}
{"id":"d76186f3-d7b7-4de5-a28b-935c7b7ee292","timestamp":"2020-03-31T17:34:08.250Z","serial":1,"level":"LOG","msg":"Error: Non-base45 character\n    at Object.decode (F:\\Lamassu\\3_31\\atm\\ATM.Machine\\node_modules\\base-x\\src\\index.js:112:11)\n    at Object.pair (F:\\Lamassu\\3_31\\atm\\ATM.Machine\\lib\\pairing.js:24:39)\n    at Brain._pair (F:\\Lamassu\\3_31\\atm\\ATM.Machine\\lib\\brain.js:1197:20)\n    at scanner.scanPairingCode (F:\\Lamassu\\3_31\\atm\\ATM.Machine\\lib\\brain.js:1167:14)\n    at Timeout._onTimeout (F:\\Lamassu\\3_31\\atm\\ATM.Machine\\lib\\mocks\\scanner.js:34:9)\n    at ontimeout (timers.js:436:11)\n    at tryOnTimeout (timers.js:300:5)\n    at listOnTimeout (timers.js:263:5)\n    at Timer.processTimers (timers.js:223:10)"}
{"id":"4b21dc29-c0c5-4b73-9928-6d46dddc21ea","timestamp":"2020-03-31T17:34:08.251Z","serial":0,"level":"LOG","msg":"Error: Non-base45 character\n    at Object.decode (F:\\Lamassu\\3_31\\atm\\ATM.Machine\\node_modules\\base-x\\src\\index.js:112:11)\n    at Object.pair (F:\\Lamassu\\3_31\\atm\\ATM.Machine\\lib\\pairing.js:24:39)\n    at Brain._pair (F:\\Lamassu\\3_31\\atm\\ATM.Machine\\lib\\brain.js:1197:20)\n    at scanner.scanPairingCode (F:\\Lamassu\\3_31\\atm\\ATM.Machine\\lib\\brain.js:1167:14)\n    at Timeout._onTimeout (F:\\Lamassu\\3_31\\atm\\ATM.Machine\\lib\\mocks\\scanner.js:34:9)\n    at ontimeout (timers.js:436:11)\n    at tryOnTimeout (timers.js:300:5)\n    at listOnTimeout (timers.js:263:5)\n    at Timer.processTimers (timers.js:223:10)"}
